mode: atomic
github.com/hazeledmands/prwatch/main.go:14.13,16.16 2 0
github.com/hazeledmands/prwatch/main.go:16.16,19.3 2 0
github.com/hazeledmands/prwatch/main.go:21.2,23.16 3 0
github.com/hazeledmands/prwatch/main.go:23.16,25.3 1 0
github.com/hazeledmands/prwatch/main.go:25.8,27.3 1 0
github.com/hazeledmands/prwatch/main.go:29.2,32.36 2 0
github.com/hazeledmands/prwatch/main.go:32.36,34.3 1 0
github.com/hazeledmands/prwatch/main.go:35.2,35.16 1 0
github.com/hazeledmands/prwatch/main.go:35.16,37.3 1 0
github.com/hazeledmands/prwatch/main.go:37.8,41.63 3 0
github.com/hazeledmands/prwatch/main.go:41.63,42.44 1 0
github.com/hazeledmands/prwatch/main.go:42.44,44.5 1 0
github.com/hazeledmands/prwatch/main.go:45.4,45.18 1 0
github.com/hazeledmands/prwatch/main.go:45.18,47.5 1 0
github.com/hazeledmands/prwatch/main.go:51.2,51.35 1 0
github.com/hazeledmands/prwatch/main.go:51.35,54.3 2 0
github.com/hazeledmands/prwatch/internal/watcher/watcher.go:17.58,19.16 2 7
github.com/hazeledmands/prwatch/internal/watcher/watcher.go:19.16,21.3 1 0
github.com/hazeledmands/prwatch/internal/watcher/watcher.go:23.2,23.37 1 7
github.com/hazeledmands/prwatch/internal/watcher/watcher.go:23.37,26.3 2 1
github.com/hazeledmands/prwatch/internal/watcher/watcher.go:28.2,34.15 3 6
github.com/hazeledmands/prwatch/internal/watcher/watcher.go:37.42,39.6 2 6
github.com/hazeledmands/prwatch/internal/watcher/watcher.go:39.6,40.10 1 17
github.com/hazeledmands/prwatch/internal/watcher/watcher.go:41.32,42.11 1 11
github.com/hazeledmands/prwatch/internal/watcher/watcher.go:42.11,44.5 1 0
github.com/hazeledmands/prwatch/internal/watcher/watcher.go:45.4,45.20 1 11
github.com/hazeledmands/prwatch/internal/watcher/watcher.go:45.20,47.5 1 6
github.com/hazeledmands/prwatch/internal/watcher/watcher.go:48.4,48.55 1 11
github.com/hazeledmands/prwatch/internal/watcher/watcher.go:49.32,50.11 1 1
github.com/hazeledmands/prwatch/internal/watcher/watcher.go:50.11,52.5 1 1
github.com/hazeledmands/prwatch/internal/watcher/watcher.go:53.17,54.10 1 5
github.com/hazeledmands/prwatch/internal/watcher/watcher.go:59.33,62.2 2 6
github.com/hazeledmands/prwatch/internal/ui/mainpane.go:17.30,20.2 2 83
github.com/hazeledmands/prwatch/internal/ui/mainpane.go:22.38,27.2 4 44
github.com/hazeledmands/prwatch/internal/ui/mainpane.go:29.47,32.2 2 23
github.com/hazeledmands/prwatch/internal/ui/mainpane.go:34.52,37.2 2 7
github.com/hazeledmands/prwatch/internal/ui/mainpane.go:39.48,43.2 3 3
github.com/hazeledmands/prwatch/internal/ui/mainpane.go:45.46,47.13 2 6
github.com/hazeledmands/prwatch/internal/ui/mainpane.go:47.13,49.3 1 1
github.com/hazeledmands/prwatch/internal/ui/mainpane.go:50.2,50.72 1 6
github.com/hazeledmands/prwatch/internal/ui/mainpane.go:54.36,56.2 1 17
github.com/hazeledmands/prwatch/internal/ui/mainpane.go:59.30,61.2 1 2
github.com/hazeledmands/prwatch/internal/ui/mainpane.go:64.33,66.2 1 3
github.com/hazeledmands/prwatch/internal/ui/mainpane.go:70.53,72.21 2 7
github.com/hazeledmands/prwatch/internal/ui/mainpane.go:72.21,74.3 1 0
github.com/hazeledmands/prwatch/internal/ui/mainpane.go:75.2,79.38 3 7
github.com/hazeledmands/prwatch/internal/ui/mainpane.go:79.38,80.53 1 17
github.com/hazeledmands/prwatch/internal/ui/mainpane.go:80.53,83.4 2 3
github.com/hazeledmands/prwatch/internal/ui/mainpane.go:86.2,86.29 1 4
github.com/hazeledmands/prwatch/internal/ui/mainpane.go:86.29,87.53 1 1
github.com/hazeledmands/prwatch/internal/ui/mainpane.go:87.53,90.4 2 1
github.com/hazeledmands/prwatch/internal/ui/mainpane.go:95.39,97.29 2 24
github.com/hazeledmands/prwatch/internal/ui/mainpane.go:97.29,98.10 1 304
github.com/hazeledmands/prwatch/internal/ui/mainpane.go:99.75,100.43 1 8
github.com/hazeledmands/prwatch/internal/ui/mainpane.go:101.41,102.43 1 4
github.com/hazeledmands/prwatch/internal/ui/mainpane.go:103.38,104.41 1 4
github.com/hazeledmands/prwatch/internal/ui/mainpane.go:105.37,106.40 1 5
github.com/hazeledmands/prwatch/internal/ui/mainpane.go:107.37,108.43 1 2
github.com/hazeledmands/prwatch/internal/ui/mainpane.go:111.2,111.34 1 24
github.com/hazeledmands/prwatch/internal/ui/model.go:68.49,70.14 2 71
github.com/hazeledmands/prwatch/internal/ui/model.go:70.14,72.3 1 9
github.com/hazeledmands/prwatch/internal/ui/model.go:73.2,80.3 1 71
github.com/hazeledmands/prwatch/internal/ui/model.go:83.32,84.18 1 9
github.com/hazeledmands/prwatch/internal/ui/model.go:84.18,86.3 1 3
github.com/hazeledmands/prwatch/internal/ui/model.go:87.2,87.22 1 6
github.com/hazeledmands/prwatch/internal/ui/model.go:90.43,92.16 2 3
github.com/hazeledmands/prwatch/internal/ui/model.go:92.16,94.3 1 1
github.com/hazeledmands/prwatch/internal/ui/model.go:95.2,96.28 2 2
github.com/hazeledmands/prwatch/internal/ui/model.go:96.28,97.54 1 5
github.com/hazeledmands/prwatch/internal/ui/model.go:97.54,99.4 1 3
github.com/hazeledmands/prwatch/internal/ui/model.go:101.2,103.3 1 2
github.com/hazeledmands/prwatch/internal/ui/model.go:106.39,107.18 1 5
github.com/hazeledmands/prwatch/internal/ui/model.go:107.18,109.3 1 0
github.com/hazeledmands/prwatch/internal/ui/model.go:111.2,112.16 2 5
github.com/hazeledmands/prwatch/internal/ui/model.go:112.16,114.3 1 2
github.com/hazeledmands/prwatch/internal/ui/model.go:116.2,119.16 3 3
github.com/hazeledmands/prwatch/internal/ui/model.go:119.16,121.3 1 0
github.com/hazeledmands/prwatch/internal/ui/model.go:123.2,124.16 2 3
github.com/hazeledmands/prwatch/internal/ui/model.go:124.16,126.3 1 0
github.com/hazeledmands/prwatch/internal/ui/model.go:128.2,129.16 2 3
github.com/hazeledmands/prwatch/internal/ui/model.go:129.16,131.3 1 0
github.com/hazeledmands/prwatch/internal/ui/model.go:133.2,140.3 1 3
github.com/hazeledmands/prwatch/internal/ui/model.go:143.58,144.27 1 72
github.com/hazeledmands/prwatch/internal/ui/model.go:145.25,149.16 4 1
github.com/hazeledmands/prwatch/internal/ui/model.go:151.18,152.21 1 4
github.com/hazeledmands/prwatch/internal/ui/model.go:152.21,155.4 2 1
github.com/hazeledmands/prwatch/internal/ui/model.go:156.3,164.16 9 3
github.com/hazeledmands/prwatch/internal/ui/model.go:166.18,167.19 1 2
github.com/hazeledmands/prwatch/internal/ui/model.go:167.19,169.4 1 1
github.com/hazeledmands/prwatch/internal/ui/model.go:170.3,170.26 1 1
github.com/hazeledmands/prwatch/internal/ui/model.go:172.23,173.26 1 59
github.com/hazeledmands/prwatch/internal/ui/model.go:175.25,176.33 1 3
github.com/hazeledmands/prwatch/internal/ui/model.go:178.25,179.33 1 3
github.com/hazeledmands/prwatch/internal/ui/model.go:182.2,182.15 1 0
github.com/hazeledmands/prwatch/internal/ui/model.go:185.69,187.17 1 59
github.com/hazeledmands/prwatch/internal/ui/model.go:187.17,189.3 1 14
github.com/hazeledmands/prwatch/internal/ui/model.go:192.2,192.16 1 45
github.com/hazeledmands/prwatch/internal/ui/model.go:192.16,193.72 1 2
github.com/hazeledmands/prwatch/internal/ui/model.go:193.72,196.4 2 1
github.com/hazeledmands/prwatch/internal/ui/model.go:197.3,198.16 2 1
github.com/hazeledmands/prwatch/internal/ui/model.go:202.2,202.18 1 43
github.com/hazeledmands/prwatch/internal/ui/model.go:202.18,203.81 1 2
github.com/hazeledmands/prwatch/internal/ui/model.go:203.81,205.4 1 1
github.com/hazeledmands/prwatch/internal/ui/model.go:206.3,207.16 2 1
github.com/hazeledmands/prwatch/internal/ui/model.go:211.2,211.48 1 41
github.com/hazeledmands/prwatch/internal/ui/model.go:211.48,213.30 2 2
github.com/hazeledmands/prwatch/internal/ui/model.go:213.30,216.4 2 1
github.com/hazeledmands/prwatch/internal/ui/model.go:216.9,218.4 1 1
github.com/hazeledmands/prwatch/internal/ui/model.go:219.3,219.16 1 2
github.com/hazeledmands/prwatch/internal/ui/model.go:221.2,223.9 2 39
github.com/hazeledmands/prwatch/internal/ui/model.go:224.44,225.21 1 1
github.com/hazeledmands/prwatch/internal/ui/model.go:227.42,229.16 2 3
github.com/hazeledmands/prwatch/internal/ui/model.go:231.35,233.16 2 2
github.com/hazeledmands/prwatch/internal/ui/model.go:235.37,238.16 3 4
github.com/hazeledmands/prwatch/internal/ui/model.go:240.41,241.19 1 4
github.com/hazeledmands/prwatch/internal/ui/model.go:241.19,243.4 1 1
github.com/hazeledmands/prwatch/internal/ui/model.go:244.3,244.17 1 3
github.com/hazeledmands/prwatch/internal/ui/model.go:245.21,246.25 1 1
github.com/hazeledmands/prwatch/internal/ui/model.go:247.21,248.23 1 1
github.com/hazeledmands/prwatch/internal/ui/model.go:249.19,250.25 1 1
github.com/hazeledmands/prwatch/internal/ui/model.go:252.3,254.16 3 3
github.com/hazeledmands/prwatch/internal/ui/model.go:256.43,257.19 1 2
github.com/hazeledmands/prwatch/internal/ui/model.go:257.19,259.4 1 1
github.com/hazeledmands/prwatch/internal/ui/model.go:260.3,263.16 4 1
github.com/hazeledmands/prwatch/internal/ui/model.go:265.43,269.16 4 4
github.com/hazeledmands/prwatch/internal/ui/model.go:271.41,272.19 1 2
github.com/hazeledmands/prwatch/internal/ui/model.go:272.19,274.4 1 1
github.com/hazeledmands/prwatch/internal/ui/model.go:275.3,278.16 4 1
github.com/hazeledmands/prwatch/internal/ui/model.go:280.40,282.16 2 1
github.com/hazeledmands/prwatch/internal/ui/model.go:284.41,286.16 2 1
github.com/hazeledmands/prwatch/internal/ui/model.go:288.42,289.30 1 2
github.com/hazeledmands/prwatch/internal/ui/model.go:289.30,291.4 1 1
github.com/hazeledmands/prwatch/internal/ui/model.go:291.9,293.4 1 1
github.com/hazeledmands/prwatch/internal/ui/model.go:294.3,294.16 1 2
github.com/hazeledmands/prwatch/internal/ui/model.go:296.36,299.16 2 3
github.com/hazeledmands/prwatch/internal/ui/model.go:301.39,302.30 1 2
github.com/hazeledmands/prwatch/internal/ui/model.go:302.30,305.4 2 1
github.com/hazeledmands/prwatch/internal/ui/model.go:305.9,307.4 1 1
github.com/hazeledmands/prwatch/internal/ui/model.go:308.3,308.16 1 2
github.com/hazeledmands/prwatch/internal/ui/model.go:310.36,311.25 1 3
github.com/hazeledmands/prwatch/internal/ui/model.go:313.33,314.30 1 1
github.com/hazeledmands/prwatch/internal/ui/model.go:314.30,318.4 3 1
github.com/hazeledmands/prwatch/internal/ui/model.go:320.35,321.30 1 4
github.com/hazeledmands/prwatch/internal/ui/model.go:321.30,325.4 3 3
github.com/hazeledmands/prwatch/internal/ui/model.go:329.2,329.26 1 1
github.com/hazeledmands/prwatch/internal/ui/model.go:329.26,332.3 2 1
github.com/hazeledmands/prwatch/internal/ui/model.go:334.2,334.15 1 0
github.com/hazeledmands/prwatch/internal/ui/model.go:337.75,338.9 1 14
github.com/hazeledmands/prwatch/internal/ui/model.go:339.44,342.16 3 1
github.com/hazeledmands/prwatch/internal/ui/model.go:343.33,346.16 3 1
github.com/hazeledmands/prwatch/internal/ui/model.go:347.32,350.16 3 2
github.com/hazeledmands/prwatch/internal/ui/model.go:351.36,352.29 1 1
github.com/hazeledmands/prwatch/internal/ui/model.go:352.29,354.4 1 1
github.com/hazeledmands/prwatch/internal/ui/model.go:355.3,355.16 1 1
github.com/hazeledmands/prwatch/internal/ui/model.go:356.10,357.21 1 9
github.com/hazeledmands/prwatch/internal/ui/model.go:357.21,359.4 1 9
github.com/hazeledmands/prwatch/internal/ui/model.go:360.3,360.16 1 9
github.com/hazeledmands/prwatch/internal/ui/model.go:364.33,365.25 1 3
github.com/hazeledmands/prwatch/internal/ui/model.go:365.25,367.3 1 1
github.com/hazeledmands/prwatch/internal/ui/model.go:368.2,368.46 1 2
github.com/hazeledmands/prwatch/internal/ui/model.go:371.41,374.2 1 5
github.com/hazeledmands/prwatch/internal/ui/model.go:376.78,380.12 2 3
github.com/hazeledmands/prwatch/internal/ui/model.go:380.12,382.3 1 1
github.com/hazeledmands/prwatch/internal/ui/model.go:384.2,385.18 2 2
github.com/hazeledmands/prwatch/internal/ui/model.go:385.18,392.3 4 1
github.com/hazeledmands/prwatch/internal/ui/model.go:392.8,394.3 1 1
github.com/hazeledmands/prwatch/internal/ui/model.go:395.2,395.15 1 2
github.com/hazeledmands/prwatch/internal/ui/model.go:398.78,402.18 3 3
github.com/hazeledmands/prwatch/internal/ui/model.go:402.18,404.37 1 2
github.com/hazeledmands/prwatch/internal/ui/model.go:404.37,406.4 1 1
github.com/hazeledmands/prwatch/internal/ui/model.go:406.9,408.4 1 1
github.com/hazeledmands/prwatch/internal/ui/model.go:409.3,409.24 1 2
github.com/hazeledmands/prwatch/internal/ui/model.go:410.8,414.3 2 1
github.com/hazeledmands/prwatch/internal/ui/model.go:415.2,415.15 1 2
github.com/hazeledmands/prwatch/internal/ui/model.go:418.52,419.29 1 3
github.com/hazeledmands/prwatch/internal/ui/model.go:419.29,422.3 2 1
github.com/hazeledmands/prwatch/internal/ui/model.go:425.2,425.54 1 2
github.com/hazeledmands/prwatch/internal/ui/model.go:425.54,427.3 1 1
github.com/hazeledmands/prwatch/internal/ui/model.go:428.2,428.15 1 1
github.com/hazeledmands/prwatch/internal/ui/model.go:431.38,433.16 2 1
github.com/hazeledmands/prwatch/internal/ui/model.go:433.16,435.3 1 1
github.com/hazeledmands/prwatch/internal/ui/model.go:437.2,440.54 4 0
github.com/hazeledmands/prwatch/internal/ui/model.go:440.54,442.3 1 0
github.com/hazeledmands/prwatch/internal/ui/model.go:447.64,449.18 2 3
github.com/hazeledmands/prwatch/internal/ui/model.go:449.18,451.3 1 1
github.com/hazeledmands/prwatch/internal/ui/model.go:453.2,455.14 3 3
github.com/hazeledmands/prwatch/internal/ui/model.go:455.14,457.3 1 3
github.com/hazeledmands/prwatch/internal/ui/model.go:458.2,459.21 2 3
github.com/hazeledmands/prwatch/internal/ui/model.go:465.41,466.28 1 7
github.com/hazeledmands/prwatch/internal/ui/model.go:466.28,468.3 1 3
github.com/hazeledmands/prwatch/internal/ui/model.go:470.2,474.52 4 4
github.com/hazeledmands/prwatch/internal/ui/model.go:474.52,476.36 2 4
github.com/hazeledmands/prwatch/internal/ui/model.go:476.36,477.43 1 2
github.com/hazeledmands/prwatch/internal/ui/model.go:477.43,479.5 1 2
github.com/hazeledmands/prwatch/internal/ui/model.go:480.9,480.77 1 2
github.com/hazeledmands/prwatch/internal/ui/model.go:480.77,482.4 1 0
github.com/hazeledmands/prwatch/internal/ui/model.go:482.9,484.71 1 2
github.com/hazeledmands/prwatch/internal/ui/model.go:484.71,486.4 1 1
github.com/hazeledmands/prwatch/internal/ui/model.go:488.2,488.20 1 4
github.com/hazeledmands/prwatch/internal/ui/model.go:491.45,493.17 2 10
github.com/hazeledmands/prwatch/internal/ui/model.go:493.17,495.3 1 2
github.com/hazeledmands/prwatch/internal/ui/model.go:496.2,498.18 3 8
github.com/hazeledmands/prwatch/internal/ui/model.go:498.18,500.3 1 1
github.com/hazeledmands/prwatch/internal/ui/model.go:501.2,502.16 2 7
github.com/hazeledmands/prwatch/internal/ui/model.go:502.16,504.3 1 1
github.com/hazeledmands/prwatch/internal/ui/model.go:505.2,505.10 1 6
github.com/hazeledmands/prwatch/internal/ui/model.go:508.53,509.39 1 4
github.com/hazeledmands/prwatch/internal/ui/model.go:509.39,510.16 1 3
github.com/hazeledmands/prwatch/internal/ui/model.go:510.16,512.4 1 3
github.com/hazeledmands/prwatch/internal/ui/model.go:514.2,514.14 1 1
github.com/hazeledmands/prwatch/internal/ui/model.go:517.38,518.16 1 30
github.com/hazeledmands/prwatch/internal/ui/model.go:519.34,522.40 2 25
github.com/hazeledmands/prwatch/internal/ui/model.go:522.40,524.4 1 6
github.com/hazeledmands/prwatch/internal/ui/model.go:525.3,525.63 1 25
github.com/hazeledmands/prwatch/internal/ui/model.go:525.63,527.4 1 2
github.com/hazeledmands/prwatch/internal/ui/model.go:528.3,528.38 1 25
github.com/hazeledmands/prwatch/internal/ui/model.go:528.38,530.4 1 30
github.com/hazeledmands/prwatch/internal/ui/model.go:531.3,531.28 1 25
github.com/hazeledmands/prwatch/internal/ui/model.go:532.18,534.31 2 5
github.com/hazeledmands/prwatch/internal/ui/model.go:534.31,539.4 1 3
github.com/hazeledmands/prwatch/internal/ui/model.go:540.3,540.28 1 5
github.com/hazeledmands/prwatch/internal/ui/model.go:544.37,545.18 1 32
github.com/hazeledmands/prwatch/internal/ui/model.go:545.18,547.29 1 4
github.com/hazeledmands/prwatch/internal/ui/model.go:547.29,549.18 2 4
github.com/hazeledmands/prwatch/internal/ui/model.go:549.18,552.5 2 2
github.com/hazeledmands/prwatch/internal/ui/model.go:553.4,554.18 2 2
github.com/hazeledmands/prwatch/internal/ui/model.go:554.18,557.5 2 1
github.com/hazeledmands/prwatch/internal/ui/model.go:558.4,558.47 1 1
github.com/hazeledmands/prwatch/internal/ui/model.go:560.3,560.9 1 1
github.com/hazeledmands/prwatch/internal/ui/model.go:562.2,562.18 1 28
github.com/hazeledmands/prwatch/internal/ui/model.go:562.18,564.3 1 18
github.com/hazeledmands/prwatch/internal/ui/model.go:566.2,566.16 1 10
github.com/hazeledmands/prwatch/internal/ui/model.go:567.20,569.17 2 6
github.com/hazeledmands/prwatch/internal/ui/model.go:569.17,572.4 2 2
github.com/hazeledmands/prwatch/internal/ui/model.go:573.3,575.32 3 4
github.com/hazeledmands/prwatch/internal/ui/model.go:575.32,577.4 1 3
github.com/hazeledmands/prwatch/internal/ui/model.go:577.9,579.4 1 1
github.com/hazeledmands/prwatch/internal/ui/model.go:580.3,580.17 1 4
github.com/hazeledmands/prwatch/internal/ui/model.go:580.17,583.4 2 1
github.com/hazeledmands/prwatch/internal/ui/model.go:584.3,584.30 1 3
github.com/hazeledmands/prwatch/internal/ui/model.go:586.20,588.17 2 2
github.com/hazeledmands/prwatch/internal/ui/model.go:588.17,591.4 2 0
github.com/hazeledmands/prwatch/internal/ui/model.go:592.3,593.17 2 2
github.com/hazeledmands/prwatch/internal/ui/model.go:593.17,596.4 2 1
github.com/hazeledmands/prwatch/internal/ui/model.go:597.3,597.38 1 1
github.com/hazeledmands/prwatch/internal/ui/model.go:599.18,601.28 2 2
github.com/hazeledmands/prwatch/internal/ui/model.go:601.28,604.4 2 1
github.com/hazeledmands/prwatch/internal/ui/model.go:605.3,606.17 2 1
github.com/hazeledmands/prwatch/internal/ui/model.go:606.17,609.4 2 1
github.com/hazeledmands/prwatch/internal/ui/model.go:610.3,610.31 1 0
github.com/hazeledmands/prwatch/internal/ui/model.go:614.32,622.2 6 27
github.com/hazeledmands/prwatch/internal/ui/model.go:624.33,629.18 4 5
github.com/hazeledmands/prwatch/internal/ui/model.go:629.18,632.3 2 1
github.com/hazeledmands/prwatch/internal/ui/model.go:634.2,642.17 6 4
github.com/hazeledmands/prwatch/internal/ui/model.go:642.17,645.3 2 1
github.com/hazeledmands/prwatch/internal/ui/model.go:647.2,647.16 1 4
github.com/hazeledmands/prwatch/internal/ui/model.go:647.16,649.3 1 1
github.com/hazeledmands/prwatch/internal/ui/model.go:651.2,652.10 2 4
github.com/hazeledmands/prwatch/internal/ui/model.go:655.37,684.2 2 1
github.com/hazeledmands/prwatch/internal/ui/sidebar.go:29.28,31.2 1 98
github.com/hazeledmands/prwatch/internal/ui/sidebar.go:33.49,35.30 2 49
github.com/hazeledmands/prwatch/internal/ui/sidebar.go:35.30,37.3 1 11
github.com/hazeledmands/prwatch/internal/ui/sidebar.go:39.2,40.17 2 49
github.com/hazeledmands/prwatch/internal/ui/sidebar.go:43.37,47.2 3 34
github.com/hazeledmands/prwatch/internal/ui/sidebar.go:49.39,51.2 1 31
github.com/hazeledmands/prwatch/internal/ui/sidebar.go:53.41,54.23 1 19
github.com/hazeledmands/prwatch/internal/ui/sidebar.go:54.23,56.3 1 6
github.com/hazeledmands/prwatch/internal/ui/sidebar.go:57.2,57.34 1 13
github.com/hazeledmands/prwatch/internal/ui/sidebar.go:60.32,61.49 1 35
github.com/hazeledmands/prwatch/internal/ui/sidebar.go:61.49,62.39 1 34
github.com/hazeledmands/prwatch/internal/ui/sidebar.go:62.39,66.4 3 33
github.com/hazeledmands/prwatch/internal/ui/sidebar.go:70.32,71.39 1 5
github.com/hazeledmands/prwatch/internal/ui/sidebar.go:71.39,72.39 1 5
github.com/hazeledmands/prwatch/internal/ui/sidebar.go:72.39,76.4 3 4
github.com/hazeledmands/prwatch/internal/ui/sidebar.go:80.33,81.36 1 5
github.com/hazeledmands/prwatch/internal/ui/sidebar.go:81.36,82.39 1 5
github.com/hazeledmands/prwatch/internal/ui/sidebar.go:82.39,86.4 3 4
github.com/hazeledmands/prwatch/internal/ui/sidebar.go:90.32,91.41 1 6
github.com/hazeledmands/prwatch/internal/ui/sidebar.go:91.41,92.39 1 6
github.com/hazeledmands/prwatch/internal/ui/sidebar.go:92.39,96.4 3 5
github.com/hazeledmands/prwatch/internal/ui/sidebar.go:100.40,101.36 1 5
github.com/hazeledmands/prwatch/internal/ui/sidebar.go:101.36,103.3 1 2
github.com/hazeledmands/prwatch/internal/ui/sidebar.go:104.2,104.40 1 3
github.com/hazeledmands/prwatch/internal/ui/sidebar.go:104.40,106.3 1 1
github.com/hazeledmands/prwatch/internal/ui/sidebar.go:107.2,108.17 2 2
github.com/hazeledmands/prwatch/internal/ui/sidebar.go:112.38,113.23 1 53
github.com/hazeledmands/prwatch/internal/ui/sidebar.go:113.23,115.3 1 10
github.com/hazeledmands/prwatch/internal/ui/sidebar.go:116.2,116.32 1 43
github.com/hazeledmands/prwatch/internal/ui/sidebar.go:116.32,118.3 1 1
github.com/hazeledmands/prwatch/internal/ui/sidebar.go:119.2,119.47 1 43
github.com/hazeledmands/prwatch/internal/ui/sidebar.go:119.47,121.3 1 38
github.com/hazeledmands/prwatch/internal/ui/sidebar.go:123.2,123.45 1 5
github.com/hazeledmands/prwatch/internal/ui/sidebar.go:123.45,124.39 1 11
github.com/hazeledmands/prwatch/internal/ui/sidebar.go:124.39,127.4 2 3
github.com/hazeledmands/prwatch/internal/ui/sidebar.go:129.2,129.35 1 2
github.com/hazeledmands/prwatch/internal/ui/sidebar.go:129.35,130.39 1 3
github.com/hazeledmands/prwatch/internal/ui/sidebar.go:130.39,133.4 2 1
github.com/hazeledmands/prwatch/internal/ui/sidebar.go:137.33,139.18 2 131
github.com/hazeledmands/prwatch/internal/ui/sidebar.go:139.18,141.3 1 8
github.com/hazeledmands/prwatch/internal/ui/sidebar.go:142.2,142.27 1 123
github.com/hazeledmands/prwatch/internal/ui/sidebar.go:142.27,144.3 1 1
github.com/hazeledmands/prwatch/internal/ui/sidebar.go:145.2,145.36 1 123
github.com/hazeledmands/prwatch/internal/ui/sidebar.go:145.36,147.3 1 14
github.com/hazeledmands/prwatch/internal/ui/sidebar.go:150.38,151.19 1 136
github.com/hazeledmands/prwatch/internal/ui/sidebar.go:151.19,153.3 1 57
github.com/hazeledmands/prwatch/internal/ui/sidebar.go:154.2,154.17 1 79
github.com/hazeledmands/prwatch/internal/ui/sidebar.go:157.45,158.23 1 10
github.com/hazeledmands/prwatch/internal/ui/sidebar.go:158.23,160.3 1 5
github.com/hazeledmands/prwatch/internal/ui/sidebar.go:162.2,164.24 3 5
github.com/hazeledmands/prwatch/internal/ui/sidebar.go:164.24,166.3 1 4
github.com/hazeledmands/prwatch/internal/ui/sidebar.go:168.2,169.34 2 5
github.com/hazeledmands/prwatch/internal/ui/sidebar.go:169.34,170.19 1 11
github.com/hazeledmands/prwatch/internal/ui/sidebar.go:170.19,172.4 1 6
github.com/hazeledmands/prwatch/internal/ui/sidebar.go:173.3,175.33 2 11
github.com/hazeledmands/prwatch/internal/ui/sidebar.go:175.33,178.12 3 1
github.com/hazeledmands/prwatch/internal/ui/sidebar.go:181.3,182.42 2 10
github.com/hazeledmands/prwatch/internal/ui/sidebar.go:182.42,184.4 1 1
github.com/hazeledmands/prwatch/internal/ui/sidebar.go:185.3,185.18 1 10
github.com/hazeledmands/prwatch/internal/ui/sidebar.go:185.18,187.4 1 10
github.com/hazeledmands/prwatch/internal/ui/sidebar.go:189.3,189.22 1 10
github.com/hazeledmands/prwatch/internal/ui/sidebar.go:189.22,190.21 1 5
github.com/hazeledmands/prwatch/internal/ui/sidebar.go:191.17,192.65 1 1
github.com/hazeledmands/prwatch/internal/ui/sidebar.go:193.12,194.58 1 4
github.com/hazeledmands/prwatch/internal/ui/sidebar.go:196.9,197.21 1 5
github.com/hazeledmands/prwatch/internal/ui/sidebar.go:198.17,199.57 1 2
github.com/hazeledmands/prwatch/internal/ui/sidebar.go:200.12,201.50 1 3
github.com/hazeledmands/prwatch/internal/ui/sidebar.go:206.2,207.13 2 5
github.com/hazeledmands/prwatch/internal/ui/sidebar.go:207.13,209.3 1 3
github.com/hazeledmands/prwatch/internal/ui/sidebar.go:210.2,214.23 3 5
github.com/hazeledmands/prwatch/internal/ui/sidebar.go:214.23,217.3 2 12
github.com/hazeledmands/prwatch/internal/ui/sidebar.go:219.2,219.45 1 5
github.com/hazeledmands/prwatch/internal/ui/statusbar.go:11.114,12.16 1 14
github.com/hazeledmands/prwatch/internal/ui/statusbar.go:12.16,15.14 3 2
github.com/hazeledmands/prwatch/internal/ui/statusbar.go:15.14,17.4 1 1
github.com/hazeledmands/prwatch/internal/ui/statusbar.go:18.3,18.56 1 2
github.com/hazeledmands/prwatch/internal/ui/statusbar.go:22.2,23.25 2 12
github.com/hazeledmands/prwatch/internal/ui/statusbar.go:23.25,25.3 1 1
github.com/hazeledmands/prwatch/internal/ui/statusbar.go:25.8,27.3 1 11
github.com/hazeledmands/prwatch/internal/ui/statusbar.go:29.2,30.25 2 12
github.com/hazeledmands/prwatch/internal/ui/statusbar.go:30.25,32.3 1 7
github.com/hazeledmands/prwatch/internal/ui/statusbar.go:33.2,33.25 1 12
github.com/hazeledmands/prwatch/internal/ui/statusbar.go:33.25,35.3 1 1
github.com/hazeledmands/prwatch/internal/ui/statusbar.go:38.2,39.14 2 12
github.com/hazeledmands/prwatch/internal/ui/statusbar.go:40.20,41.43 1 10
github.com/hazeledmands/prwatch/internal/ui/statusbar.go:42.20,43.43 1 1
github.com/hazeledmands/prwatch/internal/ui/statusbar.go:44.18,45.48 1 1
github.com/hazeledmands/prwatch/internal/ui/statusbar.go:49.2,50.19 2 12
github.com/hazeledmands/prwatch/internal/ui/statusbar.go:50.19,52.3 1 2
github.com/hazeledmands/prwatch/internal/ui/statusbar.go:52.8,54.3 1 10
github.com/hazeledmands/prwatch/internal/ui/statusbar.go:57.2,59.17 3 12
github.com/hazeledmands/prwatch/internal/ui/statusbar.go:59.17,61.3 1 1
github.com/hazeledmands/prwatch/internal/ui/statusbar.go:62.2,66.31 4 12
github.com/hazeledmands/prwatch/internal/ui/statusbar.go:66.31,68.3 1 358
github.com/hazeledmands/prwatch/internal/ui/statusbar.go:69.2,70.32 2 12
github.com/hazeledmands/prwatch/internal/ui/statusbar.go:70.32,72.3 1 366
github.com/hazeledmands/prwatch/internal/ui/statusbar.go:73.2,75.48 2 12
github.com/hazeledmands/prwatch/internal/git/git.go:24.27,26.2 1 32
github.com/hazeledmands/prwatch/internal/git/git.go:29.55,31.2 1 7
github.com/hazeledmands/prwatch/internal/git/git.go:33.80,38.34 5 18
github.com/hazeledmands/prwatch/internal/git/git.go:38.34,40.3 1 18
github.com/hazeledmands/prwatch/internal/git/git.go:41.2,41.48 1 0
github.com/hazeledmands/prwatch/internal/git/git.go:65.51,71.34 6 99
github.com/hazeledmands/prwatch/internal/git/git.go:71.34,73.3 1 42
github.com/hazeledmands/prwatch/internal/git/git.go:74.2,74.48 1 57
github.com/hazeledmands/prwatch/internal/git/git.go:78.29,81.2 2 2
github.com/hazeledmands/prwatch/internal/git/git.go:83.50,85.16 2 4
github.com/hazeledmands/prwatch/internal/git/git.go:85.16,87.3 1 1
github.com/hazeledmands/prwatch/internal/git/git.go:89.2,90.16 2 3
github.com/hazeledmands/prwatch/internal/git/git.go:90.16,92.3 1 0
github.com/hazeledmands/prwatch/internal/git/git.go:93.2,98.57 4 3
github.com/hazeledmands/prwatch/internal/git/git.go:98.57,100.3 1 1
github.com/hazeledmands/prwatch/internal/git/git.go:102.2,110.8 2 3
github.com/hazeledmands/prwatch/internal/git/git.go:116.44,118.57 1 20
github.com/hazeledmands/prwatch/internal/git/git.go:118.57,119.74 1 3
github.com/hazeledmands/prwatch/internal/git/git.go:119.74,121.4 1 1
github.com/hazeledmands/prwatch/internal/git/git.go:123.3,123.64 1 2
github.com/hazeledmands/prwatch/internal/git/git.go:123.64,125.4 1 1
github.com/hazeledmands/prwatch/internal/git/git.go:129.2,129.72 1 18
github.com/hazeledmands/prwatch/internal/git/git.go:129.72,131.3 1 1
github.com/hazeledmands/prwatch/internal/git/git.go:134.2,134.74 1 17
github.com/hazeledmands/prwatch/internal/git/git.go:134.74,136.3 1 1
github.com/hazeledmands/prwatch/internal/git/git.go:139.2,139.65 1 16
github.com/hazeledmands/prwatch/internal/git/git.go:139.65,141.3 1 14
github.com/hazeledmands/prwatch/internal/git/git.go:142.2,142.67 1 2
github.com/hazeledmands/prwatch/internal/git/git.go:142.67,144.3 1 1
github.com/hazeledmands/prwatch/internal/git/git.go:147.2,148.16 2 1
github.com/hazeledmands/prwatch/internal/git/git.go:148.16,150.3 1 0
github.com/hazeledmands/prwatch/internal/git/git.go:151.2,151.17 1 1
github.com/hazeledmands/prwatch/internal/git/git.go:154.42,156.2 1 20
github.com/hazeledmands/prwatch/internal/git/git.go:166.69,169.16 2 4
github.com/hazeledmands/prwatch/internal/git/git.go:169.16,171.3 1 0
github.com/hazeledmands/prwatch/internal/git/git.go:173.2,174.45 2 4
github.com/hazeledmands/prwatch/internal/git/git.go:174.45,176.14 2 4
github.com/hazeledmands/prwatch/internal/git/git.go:176.14,178.4 1 4
github.com/hazeledmands/prwatch/internal/git/git.go:182.2,184.16 3 4
github.com/hazeledmands/prwatch/internal/git/git.go:184.16,185.46 1 4
github.com/hazeledmands/prwatch/internal/git/git.go:185.46,187.15 2 4
github.com/hazeledmands/prwatch/internal/git/git.go:187.15,189.5 1 1
github.com/hazeledmands/prwatch/internal/git/git.go:193.2,194.16 2 4
github.com/hazeledmands/prwatch/internal/git/git.go:194.16,195.46 1 4
github.com/hazeledmands/prwatch/internal/git/git.go:195.46,197.15 2 6
github.com/hazeledmands/prwatch/internal/git/git.go:197.15,199.5 1 4
github.com/hazeledmands/prwatch/internal/git/git.go:204.2,205.30 2 4
github.com/hazeledmands/prwatch/internal/git/git.go:205.30,206.24 1 4
github.com/hazeledmands/prwatch/internal/git/git.go:206.24,207.12 1 1
github.com/hazeledmands/prwatch/internal/git/git.go:209.3,209.35 1 3
github.com/hazeledmands/prwatch/internal/git/git.go:211.2,211.32 1 4
github.com/hazeledmands/prwatch/internal/git/git.go:211.32,213.3 1 5
github.com/hazeledmands/prwatch/internal/git/git.go:215.2,221.8 3 4
github.com/hazeledmands/prwatch/internal/git/git.go:225.68,227.2 1 1
github.com/hazeledmands/prwatch/internal/git/git.go:230.64,233.30 2 3
github.com/hazeledmands/prwatch/internal/git/git.go:233.30,235.3 1 1
github.com/hazeledmands/prwatch/internal/git/git.go:238.2,244.15 7 2
github.com/hazeledmands/prwatch/internal/git/git.go:244.15,246.3 1 1
github.com/hazeledmands/prwatch/internal/git/git.go:247.2,247.57 1 1
github.com/hazeledmands/prwatch/internal/git/git.go:252.54,254.16 2 5
github.com/hazeledmands/prwatch/internal/git/git.go:254.16,256.3 1 1
github.com/hazeledmands/prwatch/internal/git/git.go:257.2,258.23 2 4
github.com/hazeledmands/prwatch/internal/git/git.go:258.23,261.17 2 2
github.com/hazeledmands/prwatch/internal/git/git.go:261.17,263.4 1 0
github.com/hazeledmands/prwatch/internal/git/git.go:264.3,264.32 1 2
github.com/hazeledmands/prwatch/internal/git/git.go:266.2,266.21 1 4
github.com/hazeledmands/prwatch/internal/git/git.go:269.42,271.48 2 6
github.com/hazeledmands/prwatch/internal/git/git.go:271.48,273.17 2 6
github.com/hazeledmands/prwatch/internal/git/git.go:273.17,274.12 1 2
github.com/hazeledmands/prwatch/internal/git/git.go:276.3,278.21 3 4
github.com/hazeledmands/prwatch/internal/git/git.go:278.21,280.4 1 4
github.com/hazeledmands/prwatch/internal/git/git.go:281.3,281.69 1 4
github.com/hazeledmands/prwatch/internal/git/git.go:283.2,283.16 1 6
github.com/hazeledmands/prwatch/internal/git/git.go:287.55,289.2 1 1
github.com/hazeledmands/prwatch/internal/git/git.go:293.56,296.16 2 4
github.com/hazeledmands/prwatch/internal/git/git.go:296.16,299.3 1 1
github.com/hazeledmands/prwatch/internal/git/git.go:300.2,300.29 1 3
github.com/hazeledmands/prwatch/internal/git/git.go:304.46,306.16 2 5
github.com/hazeledmands/prwatch/internal/git/git.go:306.16,309.3 1 3
github.com/hazeledmands/prwatch/internal/git/git.go:310.2,311.61 2 2
github.com/hazeledmands/prwatch/internal/git/git.go:311.61,313.3 1 1
github.com/hazeledmands/prwatch/internal/git/git.go:314.2,314.20 1 1
