mode: atomic
github.com/hazeledmands/prwatch/main.go:14.13,16.16 2 0
github.com/hazeledmands/prwatch/main.go:16.16,19.3 2 0
github.com/hazeledmands/prwatch/main.go:21.2,23.16 3 0
github.com/hazeledmands/prwatch/main.go:23.16,25.3 1 0
github.com/hazeledmands/prwatch/main.go:25.8,27.3 1 0
github.com/hazeledmands/prwatch/main.go:29.2,32.36 2 0
github.com/hazeledmands/prwatch/main.go:32.36,34.3 1 0
github.com/hazeledmands/prwatch/main.go:35.2,35.16 1 0
github.com/hazeledmands/prwatch/main.go:35.16,37.3 1 0
github.com/hazeledmands/prwatch/main.go:37.8,41.63 3 0
github.com/hazeledmands/prwatch/main.go:41.63,42.44 1 0
github.com/hazeledmands/prwatch/main.go:42.44,44.5 1 0
github.com/hazeledmands/prwatch/main.go:45.4,45.18 1 0
github.com/hazeledmands/prwatch/main.go:45.18,47.5 1 0
github.com/hazeledmands/prwatch/main.go:51.2,51.35 1 0
github.com/hazeledmands/prwatch/main.go:51.35,54.3 2 0
github.com/hazeledmands/prwatch/internal/ui/mainpane.go:17.30,20.2 2 184
github.com/hazeledmands/prwatch/internal/ui/mainpane.go:22.38,27.2 4 98
github.com/hazeledmands/prwatch/internal/ui/mainpane.go:29.47,32.2 2 52
github.com/hazeledmands/prwatch/internal/ui/mainpane.go:34.52,37.2 2 16
github.com/hazeledmands/prwatch/internal/ui/mainpane.go:39.48,43.2 3 6
github.com/hazeledmands/prwatch/internal/ui/mainpane.go:45.46,47.13 2 12
github.com/hazeledmands/prwatch/internal/ui/mainpane.go:47.13,49.3 1 2
github.com/hazeledmands/prwatch/internal/ui/mainpane.go:50.2,50.72 1 12
github.com/hazeledmands/prwatch/internal/ui/mainpane.go:54.36,56.2 1 36
github.com/hazeledmands/prwatch/internal/ui/mainpane.go:59.30,61.2 1 4
github.com/hazeledmands/prwatch/internal/ui/mainpane.go:64.33,66.2 1 6
github.com/hazeledmands/prwatch/internal/ui/mainpane.go:70.53,76.38 4 14
github.com/hazeledmands/prwatch/internal/ui/mainpane.go:76.38,77.53 1 34
github.com/hazeledmands/prwatch/internal/ui/mainpane.go:77.53,80.4 2 6
github.com/hazeledmands/prwatch/internal/ui/mainpane.go:83.2,83.29 1 8
github.com/hazeledmands/prwatch/internal/ui/mainpane.go:83.29,84.53 1 2
github.com/hazeledmands/prwatch/internal/ui/mainpane.go:84.53,87.4 2 2
github.com/hazeledmands/prwatch/internal/ui/mainpane.go:92.39,94.29 2 54
github.com/hazeledmands/prwatch/internal/ui/mainpane.go:94.29,95.10 1 616
github.com/hazeledmands/prwatch/internal/ui/mainpane.go:96.75,97.43 1 16
github.com/hazeledmands/prwatch/internal/ui/mainpane.go:98.41,99.43 1 8
github.com/hazeledmands/prwatch/internal/ui/mainpane.go:100.38,101.41 1 8
github.com/hazeledmands/prwatch/internal/ui/mainpane.go:102.37,103.40 1 12
github.com/hazeledmands/prwatch/internal/ui/mainpane.go:104.37,105.43 1 6
github.com/hazeledmands/prwatch/internal/ui/mainpane.go:108.2,108.34 1 54
github.com/hazeledmands/prwatch/internal/ui/model.go:82.51,84.14 2 160
github.com/hazeledmands/prwatch/internal/ui/model.go:84.14,86.3 1 18
github.com/hazeledmands/prwatch/internal/ui/model.go:87.2,94.3 1 160
github.com/hazeledmands/prwatch/internal/ui/model.go:97.32,98.18 1 26
github.com/hazeledmands/prwatch/internal/ui/model.go:98.18,100.3 1 6
github.com/hazeledmands/prwatch/internal/ui/model.go:101.2,101.22 1 20
github.com/hazeledmands/prwatch/internal/ui/model.go:104.43,106.16 2 6
github.com/hazeledmands/prwatch/internal/ui/model.go:106.16,108.3 1 2
github.com/hazeledmands/prwatch/internal/ui/model.go:109.2,110.28 2 4
github.com/hazeledmands/prwatch/internal/ui/model.go:110.28,111.54 1 10
github.com/hazeledmands/prwatch/internal/ui/model.go:111.54,113.4 1 6
github.com/hazeledmands/prwatch/internal/ui/model.go:115.2,117.3 1 4
github.com/hazeledmands/prwatch/internal/ui/model.go:120.39,121.18 1 18
github.com/hazeledmands/prwatch/internal/ui/model.go:121.18,123.3 1 0
github.com/hazeledmands/prwatch/internal/ui/model.go:125.2,126.16 2 18
github.com/hazeledmands/prwatch/internal/ui/model.go:126.16,128.3 1 4
github.com/hazeledmands/prwatch/internal/ui/model.go:130.2,133.16 3 14
github.com/hazeledmands/prwatch/internal/ui/model.go:133.16,135.3 1 2
github.com/hazeledmands/prwatch/internal/ui/model.go:137.2,138.16 2 12
github.com/hazeledmands/prwatch/internal/ui/model.go:138.16,140.3 1 2
github.com/hazeledmands/prwatch/internal/ui/model.go:142.2,143.16 2 10
github.com/hazeledmands/prwatch/internal/ui/model.go:143.16,145.3 1 2
github.com/hazeledmands/prwatch/internal/ui/model.go:147.2,154.3 1 8
github.com/hazeledmands/prwatch/internal/ui/model.go:157.58,158.27 1 144
github.com/hazeledmands/prwatch/internal/ui/model.go:159.25,163.16 4 2
github.com/hazeledmands/prwatch/internal/ui/model.go:165.18,166.21 1 8
github.com/hazeledmands/prwatch/internal/ui/model.go:166.21,169.4 2 2
github.com/hazeledmands/prwatch/internal/ui/model.go:170.3,178.16 9 6
github.com/hazeledmands/prwatch/internal/ui/model.go:180.18,181.19 1 4
github.com/hazeledmands/prwatch/internal/ui/model.go:181.19,183.4 1 2
github.com/hazeledmands/prwatch/internal/ui/model.go:184.3,184.26 1 2
github.com/hazeledmands/prwatch/internal/ui/model.go:186.23,187.26 1 118
github.com/hazeledmands/prwatch/internal/ui/model.go:189.25,190.33 1 6
github.com/hazeledmands/prwatch/internal/ui/model.go:192.25,193.33 1 6
github.com/hazeledmands/prwatch/internal/ui/model.go:196.2,196.15 1 0
github.com/hazeledmands/prwatch/internal/ui/model.go:199.69,201.17 1 118
github.com/hazeledmands/prwatch/internal/ui/model.go:201.17,203.3 1 28
github.com/hazeledmands/prwatch/internal/ui/model.go:206.2,206.16 1 90
github.com/hazeledmands/prwatch/internal/ui/model.go:206.16,207.72 1 4
github.com/hazeledmands/prwatch/internal/ui/model.go:207.72,210.4 2 2
github.com/hazeledmands/prwatch/internal/ui/model.go:211.3,212.16 2 2
github.com/hazeledmands/prwatch/internal/ui/model.go:216.2,216.18 1 86
github.com/hazeledmands/prwatch/internal/ui/model.go:216.18,217.81 1 4
github.com/hazeledmands/prwatch/internal/ui/model.go:217.81,219.4 1 2
github.com/hazeledmands/prwatch/internal/ui/model.go:220.3,221.16 2 2
github.com/hazeledmands/prwatch/internal/ui/model.go:225.2,225.48 1 82
github.com/hazeledmands/prwatch/internal/ui/model.go:225.48,227.30 2 4
github.com/hazeledmands/prwatch/internal/ui/model.go:227.30,230.4 2 2
github.com/hazeledmands/prwatch/internal/ui/model.go:230.9,232.4 1 2
github.com/hazeledmands/prwatch/internal/ui/model.go:233.3,233.16 1 4
github.com/hazeledmands/prwatch/internal/ui/model.go:235.2,237.9 2 78
github.com/hazeledmands/prwatch/internal/ui/model.go:238.44,239.21 1 2
github.com/hazeledmands/prwatch/internal/ui/model.go:241.42,243.16 2 6
github.com/hazeledmands/prwatch/internal/ui/model.go:245.35,247.16 2 4
github.com/hazeledmands/prwatch/internal/ui/model.go:249.37,252.16 3 8
github.com/hazeledmands/prwatch/internal/ui/model.go:254.41,255.19 1 8
github.com/hazeledmands/prwatch/internal/ui/model.go:255.19,257.4 1 2
github.com/hazeledmands/prwatch/internal/ui/model.go:258.3,258.17 1 6
github.com/hazeledmands/prwatch/internal/ui/model.go:259.21,260.25 1 2
github.com/hazeledmands/prwatch/internal/ui/model.go:261.21,262.23 1 2
github.com/hazeledmands/prwatch/internal/ui/model.go:263.19,264.25 1 2
github.com/hazeledmands/prwatch/internal/ui/model.go:266.3,268.16 3 6
github.com/hazeledmands/prwatch/internal/ui/model.go:270.43,271.19 1 4
github.com/hazeledmands/prwatch/internal/ui/model.go:271.19,273.4 1 2
github.com/hazeledmands/prwatch/internal/ui/model.go:274.3,277.16 4 2
github.com/hazeledmands/prwatch/internal/ui/model.go:279.43,283.16 4 8
github.com/hazeledmands/prwatch/internal/ui/model.go:285.41,286.19 1 4
github.com/hazeledmands/prwatch/internal/ui/model.go:286.19,288.4 1 2
github.com/hazeledmands/prwatch/internal/ui/model.go:289.3,292.16 4 2
github.com/hazeledmands/prwatch/internal/ui/model.go:294.40,296.16 2 2
github.com/hazeledmands/prwatch/internal/ui/model.go:298.41,300.16 2 2
github.com/hazeledmands/prwatch/internal/ui/model.go:302.42,303.30 1 4
github.com/hazeledmands/prwatch/internal/ui/model.go:303.30,305.4 1 2
github.com/hazeledmands/prwatch/internal/ui/model.go:305.9,307.4 1 2
github.com/hazeledmands/prwatch/internal/ui/model.go:308.3,308.16 1 4
github.com/hazeledmands/prwatch/internal/ui/model.go:310.36,313.16 2 6
github.com/hazeledmands/prwatch/internal/ui/model.go:315.39,316.30 1 4
github.com/hazeledmands/prwatch/internal/ui/model.go:316.30,319.4 2 2
github.com/hazeledmands/prwatch/internal/ui/model.go:319.9,321.4 1 2
github.com/hazeledmands/prwatch/internal/ui/model.go:322.3,322.16 1 4
github.com/hazeledmands/prwatch/internal/ui/model.go:324.36,325.25 1 6
github.com/hazeledmands/prwatch/internal/ui/model.go:327.33,328.30 1 2
github.com/hazeledmands/prwatch/internal/ui/model.go:328.30,332.4 3 2
github.com/hazeledmands/prwatch/internal/ui/model.go:334.35,335.30 1 8
github.com/hazeledmands/prwatch/internal/ui/model.go:335.30,339.4 3 6
github.com/hazeledmands/prwatch/internal/ui/model.go:343.2,343.26 1 2
github.com/hazeledmands/prwatch/internal/ui/model.go:343.26,346.3 2 2
github.com/hazeledmands/prwatch/internal/ui/model.go:348.2,348.15 1 0
github.com/hazeledmands/prwatch/internal/ui/model.go:351.75,352.9 1 28
github.com/hazeledmands/prwatch/internal/ui/model.go:353.44,356.16 3 2
github.com/hazeledmands/prwatch/internal/ui/model.go:357.33,360.16 3 2
github.com/hazeledmands/prwatch/internal/ui/model.go:361.32,364.16 3 4
github.com/hazeledmands/prwatch/internal/ui/model.go:365.36,366.29 1 2
github.com/hazeledmands/prwatch/internal/ui/model.go:366.29,368.4 1 2
github.com/hazeledmands/prwatch/internal/ui/model.go:369.3,369.16 1 2
github.com/hazeledmands/prwatch/internal/ui/model.go:370.10,371.21 1 18
github.com/hazeledmands/prwatch/internal/ui/model.go:371.21,373.4 1 18
github.com/hazeledmands/prwatch/internal/ui/model.go:374.3,374.16 1 18
github.com/hazeledmands/prwatch/internal/ui/model.go:378.33,379.25 1 6
github.com/hazeledmands/prwatch/internal/ui/model.go:379.25,381.3 1 2
github.com/hazeledmands/prwatch/internal/ui/model.go:382.2,382.46 1 4
github.com/hazeledmands/prwatch/internal/ui/model.go:385.41,388.2 1 10
github.com/hazeledmands/prwatch/internal/ui/model.go:390.78,394.12 2 6
github.com/hazeledmands/prwatch/internal/ui/model.go:394.12,396.3 1 2
github.com/hazeledmands/prwatch/internal/ui/model.go:398.2,399.18 2 4
github.com/hazeledmands/prwatch/internal/ui/model.go:399.18,406.3 4 2
github.com/hazeledmands/prwatch/internal/ui/model.go:406.8,408.3 1 2
github.com/hazeledmands/prwatch/internal/ui/model.go:409.2,409.15 1 4
github.com/hazeledmands/prwatch/internal/ui/model.go:412.78,416.18 3 6
github.com/hazeledmands/prwatch/internal/ui/model.go:416.18,418.37 1 4
github.com/hazeledmands/prwatch/internal/ui/model.go:418.37,420.4 1 2
github.com/hazeledmands/prwatch/internal/ui/model.go:420.9,422.4 1 2
github.com/hazeledmands/prwatch/internal/ui/model.go:423.3,423.24 1 4
github.com/hazeledmands/prwatch/internal/ui/model.go:424.8,428.3 2 2
github.com/hazeledmands/prwatch/internal/ui/model.go:429.2,429.15 1 4
github.com/hazeledmands/prwatch/internal/ui/model.go:432.52,433.29 1 6
github.com/hazeledmands/prwatch/internal/ui/model.go:433.29,436.3 2 2
github.com/hazeledmands/prwatch/internal/ui/model.go:439.2,439.54 1 4
github.com/hazeledmands/prwatch/internal/ui/model.go:439.54,441.3 1 2
github.com/hazeledmands/prwatch/internal/ui/model.go:442.2,442.15 1 2
github.com/hazeledmands/prwatch/internal/ui/model.go:445.38,447.16 2 2
github.com/hazeledmands/prwatch/internal/ui/model.go:447.16,449.3 1 2
github.com/hazeledmands/prwatch/internal/ui/model.go:451.2,454.54 4 0
github.com/hazeledmands/prwatch/internal/ui/model.go:454.54,456.3 1 0
github.com/hazeledmands/prwatch/internal/ui/model.go:461.64,463.18 2 6
github.com/hazeledmands/prwatch/internal/ui/model.go:463.18,465.3 1 2
github.com/hazeledmands/prwatch/internal/ui/model.go:467.2,469.14 3 6
github.com/hazeledmands/prwatch/internal/ui/model.go:469.14,471.3 1 6
github.com/hazeledmands/prwatch/internal/ui/model.go:472.2,473.21 2 6
github.com/hazeledmands/prwatch/internal/ui/model.go:479.41,480.28 1 16
github.com/hazeledmands/prwatch/internal/ui/model.go:480.28,482.3 1 6
github.com/hazeledmands/prwatch/internal/ui/model.go:484.2,488.52 4 10
github.com/hazeledmands/prwatch/internal/ui/model.go:488.52,490.36 2 10
github.com/hazeledmands/prwatch/internal/ui/model.go:490.36,491.43 1 4
github.com/hazeledmands/prwatch/internal/ui/model.go:491.43,493.5 1 4
github.com/hazeledmands/prwatch/internal/ui/model.go:494.9,494.77 1 6
github.com/hazeledmands/prwatch/internal/ui/model.go:494.77,496.4 1 0
github.com/hazeledmands/prwatch/internal/ui/model.go:496.9,498.71 1 6
github.com/hazeledmands/prwatch/internal/ui/model.go:498.71,500.4 1 2
github.com/hazeledmands/prwatch/internal/ui/model.go:502.2,502.20 1 10
github.com/hazeledmands/prwatch/internal/ui/model.go:505.45,507.17 2 20
github.com/hazeledmands/prwatch/internal/ui/model.go:507.17,509.3 1 4
github.com/hazeledmands/prwatch/internal/ui/model.go:510.2,512.18 3 16
github.com/hazeledmands/prwatch/internal/ui/model.go:512.18,514.3 1 2
github.com/hazeledmands/prwatch/internal/ui/model.go:515.2,516.16 2 14
github.com/hazeledmands/prwatch/internal/ui/model.go:516.16,518.3 1 2
github.com/hazeledmands/prwatch/internal/ui/model.go:519.2,519.10 1 12
github.com/hazeledmands/prwatch/internal/ui/model.go:522.53,523.39 1 12
github.com/hazeledmands/prwatch/internal/ui/model.go:523.39,524.16 1 8
github.com/hazeledmands/prwatch/internal/ui/model.go:524.16,526.4 1 8
github.com/hazeledmands/prwatch/internal/ui/model.go:528.2,528.14 1 4
github.com/hazeledmands/prwatch/internal/ui/model.go:531.38,532.16 1 68
github.com/hazeledmands/prwatch/internal/ui/model.go:533.34,536.40 2 56
github.com/hazeledmands/prwatch/internal/ui/model.go:536.40,538.4 1 14
github.com/hazeledmands/prwatch/internal/ui/model.go:539.3,539.63 1 56
github.com/hazeledmands/prwatch/internal/ui/model.go:539.63,541.4 1 4
github.com/hazeledmands/prwatch/internal/ui/model.go:542.3,542.38 1 56
github.com/hazeledmands/prwatch/internal/ui/model.go:542.38,544.4 1 64
github.com/hazeledmands/prwatch/internal/ui/model.go:545.3,545.28 1 56
github.com/hazeledmands/prwatch/internal/ui/model.go:546.18,548.31 2 12
github.com/hazeledmands/prwatch/internal/ui/model.go:548.31,553.4 1 8
github.com/hazeledmands/prwatch/internal/ui/model.go:554.3,554.28 1 12
github.com/hazeledmands/prwatch/internal/ui/model.go:558.37,559.18 1 72
github.com/hazeledmands/prwatch/internal/ui/model.go:559.18,561.29 1 8
github.com/hazeledmands/prwatch/internal/ui/model.go:561.29,563.18 2 8
github.com/hazeledmands/prwatch/internal/ui/model.go:563.18,566.5 2 4
github.com/hazeledmands/prwatch/internal/ui/model.go:567.4,568.18 2 4
github.com/hazeledmands/prwatch/internal/ui/model.go:568.18,571.5 2 2
github.com/hazeledmands/prwatch/internal/ui/model.go:572.4,572.47 1 2
github.com/hazeledmands/prwatch/internal/ui/model.go:574.3,574.9 1 2
github.com/hazeledmands/prwatch/internal/ui/model.go:576.2,576.18 1 64
github.com/hazeledmands/prwatch/internal/ui/model.go:576.18,578.3 1 36
github.com/hazeledmands/prwatch/internal/ui/model.go:580.2,580.16 1 28
github.com/hazeledmands/prwatch/internal/ui/model.go:581.20,583.17 2 16
github.com/hazeledmands/prwatch/internal/ui/model.go:583.17,586.4 2 4
github.com/hazeledmands/prwatch/internal/ui/model.go:587.3,589.32 3 12
github.com/hazeledmands/prwatch/internal/ui/model.go:589.32,591.4 1 8
github.com/hazeledmands/prwatch/internal/ui/model.go:591.9,593.4 1 4
github.com/hazeledmands/prwatch/internal/ui/model.go:594.3,594.17 1 12
github.com/hazeledmands/prwatch/internal/ui/model.go:594.17,597.4 2 4
github.com/hazeledmands/prwatch/internal/ui/model.go:598.3,598.30 1 8
github.com/hazeledmands/prwatch/internal/ui/model.go:600.20,602.17 2 6
github.com/hazeledmands/prwatch/internal/ui/model.go:602.17,605.4 2 0
github.com/hazeledmands/prwatch/internal/ui/model.go:606.3,607.17 2 6
github.com/hazeledmands/prwatch/internal/ui/model.go:607.17,610.4 2 4
github.com/hazeledmands/prwatch/internal/ui/model.go:611.3,611.38 1 2
github.com/hazeledmands/prwatch/internal/ui/model.go:613.18,615.28 2 6
github.com/hazeledmands/prwatch/internal/ui/model.go:615.28,618.4 2 2
github.com/hazeledmands/prwatch/internal/ui/model.go:619.3,620.17 2 4
github.com/hazeledmands/prwatch/internal/ui/model.go:620.17,623.4 2 4
github.com/hazeledmands/prwatch/internal/ui/model.go:624.3,624.31 1 0
github.com/hazeledmands/prwatch/internal/ui/model.go:628.32,636.2 6 62
github.com/hazeledmands/prwatch/internal/ui/model.go:638.33,643.18 4 10
github.com/hazeledmands/prwatch/internal/ui/model.go:643.18,646.3 2 2
github.com/hazeledmands/prwatch/internal/ui/model.go:648.2,656.17 6 8
github.com/hazeledmands/prwatch/internal/ui/model.go:656.17,659.3 2 2
github.com/hazeledmands/prwatch/internal/ui/model.go:661.2,661.16 1 8
github.com/hazeledmands/prwatch/internal/ui/model.go:661.16,663.3 1 2
github.com/hazeledmands/prwatch/internal/ui/model.go:665.2,666.10 2 8
github.com/hazeledmands/prwatch/internal/ui/model.go:669.37,698.2 2 2
github.com/hazeledmands/prwatch/internal/ui/sidebar.go:29.28,31.2 1 214
github.com/hazeledmands/prwatch/internal/ui/sidebar.go:33.49,35.30 2 106
github.com/hazeledmands/prwatch/internal/ui/sidebar.go:35.30,37.3 1 22
github.com/hazeledmands/prwatch/internal/ui/sidebar.go:39.2,40.17 2 106
github.com/hazeledmands/prwatch/internal/ui/sidebar.go:43.37,47.2 3 76
github.com/hazeledmands/prwatch/internal/ui/sidebar.go:49.39,51.2 1 64
github.com/hazeledmands/prwatch/internal/ui/sidebar.go:53.41,54.23 1 44
github.com/hazeledmands/prwatch/internal/ui/sidebar.go:54.23,56.3 1 12
github.com/hazeledmands/prwatch/internal/ui/sidebar.go:57.2,57.34 1 32
github.com/hazeledmands/prwatch/internal/ui/sidebar.go:60.32,61.49 1 70
github.com/hazeledmands/prwatch/internal/ui/sidebar.go:61.49,62.39 1 68
github.com/hazeledmands/prwatch/internal/ui/sidebar.go:62.39,66.4 3 66
github.com/hazeledmands/prwatch/internal/ui/sidebar.go:70.32,71.39 1 10
github.com/hazeledmands/prwatch/internal/ui/sidebar.go:71.39,72.39 1 10
github.com/hazeledmands/prwatch/internal/ui/sidebar.go:72.39,76.4 3 8
github.com/hazeledmands/prwatch/internal/ui/sidebar.go:80.33,81.36 1 10
github.com/hazeledmands/prwatch/internal/ui/sidebar.go:81.36,82.39 1 10
github.com/hazeledmands/prwatch/internal/ui/sidebar.go:82.39,86.4 3 8
github.com/hazeledmands/prwatch/internal/ui/sidebar.go:90.32,91.41 1 12
github.com/hazeledmands/prwatch/internal/ui/sidebar.go:91.41,92.39 1 12
github.com/hazeledmands/prwatch/internal/ui/sidebar.go:92.39,96.4 3 10
github.com/hazeledmands/prwatch/internal/ui/sidebar.go:100.40,101.36 1 10
github.com/hazeledmands/prwatch/internal/ui/sidebar.go:101.36,103.3 1 4
github.com/hazeledmands/prwatch/internal/ui/sidebar.go:104.2,104.40 1 6
github.com/hazeledmands/prwatch/internal/ui/sidebar.go:104.40,106.3 1 2
github.com/hazeledmands/prwatch/internal/ui/sidebar.go:107.2,108.17 2 4
github.com/hazeledmands/prwatch/internal/ui/sidebar.go:112.38,113.23 1 114
github.com/hazeledmands/prwatch/internal/ui/sidebar.go:113.23,115.3 1 20
github.com/hazeledmands/prwatch/internal/ui/sidebar.go:116.2,116.32 1 94
github.com/hazeledmands/prwatch/internal/ui/sidebar.go:116.32,118.3 1 2
github.com/hazeledmands/prwatch/internal/ui/sidebar.go:119.2,119.47 1 94
github.com/hazeledmands/prwatch/internal/ui/sidebar.go:119.47,121.3 1 84
github.com/hazeledmands/prwatch/internal/ui/sidebar.go:123.2,123.45 1 10
github.com/hazeledmands/prwatch/internal/ui/sidebar.go:123.45,124.39 1 22
github.com/hazeledmands/prwatch/internal/ui/sidebar.go:124.39,127.4 2 6
github.com/hazeledmands/prwatch/internal/ui/sidebar.go:129.2,129.35 1 4
github.com/hazeledmands/prwatch/internal/ui/sidebar.go:129.35,130.39 1 6
github.com/hazeledmands/prwatch/internal/ui/sidebar.go:130.39,133.4 2 2
github.com/hazeledmands/prwatch/internal/ui/sidebar.go:137.33,139.18 2 278
github.com/hazeledmands/prwatch/internal/ui/sidebar.go:139.18,141.3 1 16
github.com/hazeledmands/prwatch/internal/ui/sidebar.go:142.2,142.27 1 262
github.com/hazeledmands/prwatch/internal/ui/sidebar.go:142.27,144.3 1 2
github.com/hazeledmands/prwatch/internal/ui/sidebar.go:145.2,145.36 1 262
github.com/hazeledmands/prwatch/internal/ui/sidebar.go:145.36,147.3 1 28
github.com/hazeledmands/prwatch/internal/ui/sidebar.go:150.38,151.19 1 288
github.com/hazeledmands/prwatch/internal/ui/sidebar.go:151.19,153.3 1 114
github.com/hazeledmands/prwatch/internal/ui/sidebar.go:154.2,154.17 1 174
github.com/hazeledmands/prwatch/internal/ui/sidebar.go:157.45,158.23 1 20
github.com/hazeledmands/prwatch/internal/ui/sidebar.go:158.23,160.3 1 10
github.com/hazeledmands/prwatch/internal/ui/sidebar.go:162.2,164.24 3 10
github.com/hazeledmands/prwatch/internal/ui/sidebar.go:164.24,166.3 1 8
github.com/hazeledmands/prwatch/internal/ui/sidebar.go:168.2,169.34 2 10
github.com/hazeledmands/prwatch/internal/ui/sidebar.go:169.34,170.19 1 22
github.com/hazeledmands/prwatch/internal/ui/sidebar.go:170.19,172.4 1 12
github.com/hazeledmands/prwatch/internal/ui/sidebar.go:173.3,175.33 2 22
github.com/hazeledmands/prwatch/internal/ui/sidebar.go:175.33,178.12 3 2
github.com/hazeledmands/prwatch/internal/ui/sidebar.go:181.3,182.42 2 20
github.com/hazeledmands/prwatch/internal/ui/sidebar.go:182.42,184.4 1 2
github.com/hazeledmands/prwatch/internal/ui/sidebar.go:185.3,185.18 1 20
github.com/hazeledmands/prwatch/internal/ui/sidebar.go:185.18,187.4 1 20
github.com/hazeledmands/prwatch/internal/ui/sidebar.go:189.3,189.22 1 20
github.com/hazeledmands/prwatch/internal/ui/sidebar.go:189.22,190.21 1 10
github.com/hazeledmands/prwatch/internal/ui/sidebar.go:191.17,192.65 1 2
github.com/hazeledmands/prwatch/internal/ui/sidebar.go:193.12,194.58 1 8
github.com/hazeledmands/prwatch/internal/ui/sidebar.go:196.9,197.21 1 10
github.com/hazeledmands/prwatch/internal/ui/sidebar.go:198.17,199.57 1 4
github.com/hazeledmands/prwatch/internal/ui/sidebar.go:200.12,201.50 1 6
github.com/hazeledmands/prwatch/internal/ui/sidebar.go:206.2,207.13 2 10
github.com/hazeledmands/prwatch/internal/ui/sidebar.go:207.13,209.3 1 6
github.com/hazeledmands/prwatch/internal/ui/sidebar.go:210.2,214.23 3 10
github.com/hazeledmands/prwatch/internal/ui/sidebar.go:214.23,217.3 2 24
github.com/hazeledmands/prwatch/internal/ui/sidebar.go:219.2,219.45 1 10
github.com/hazeledmands/prwatch/internal/ui/statusbar.go:11.114,12.16 1 28
github.com/hazeledmands/prwatch/internal/ui/statusbar.go:12.16,15.14 3 4
github.com/hazeledmands/prwatch/internal/ui/statusbar.go:15.14,17.4 1 2
github.com/hazeledmands/prwatch/internal/ui/statusbar.go:18.3,18.56 1 4
github.com/hazeledmands/prwatch/internal/ui/statusbar.go:22.2,23.25 2 24
github.com/hazeledmands/prwatch/internal/ui/statusbar.go:23.25,25.3 1 2
github.com/hazeledmands/prwatch/internal/ui/statusbar.go:25.8,27.3 1 22
github.com/hazeledmands/prwatch/internal/ui/statusbar.go:29.2,30.25 2 24
github.com/hazeledmands/prwatch/internal/ui/statusbar.go:30.25,32.3 1 14
github.com/hazeledmands/prwatch/internal/ui/statusbar.go:33.2,33.25 1 24
github.com/hazeledmands/prwatch/internal/ui/statusbar.go:33.25,35.3 1 2
github.com/hazeledmands/prwatch/internal/ui/statusbar.go:38.2,39.14 2 24
github.com/hazeledmands/prwatch/internal/ui/statusbar.go:40.20,41.43 1 20
github.com/hazeledmands/prwatch/internal/ui/statusbar.go:42.20,43.43 1 2
github.com/hazeledmands/prwatch/internal/ui/statusbar.go:44.18,45.48 1 2
github.com/hazeledmands/prwatch/internal/ui/statusbar.go:49.2,50.19 2 24
github.com/hazeledmands/prwatch/internal/ui/statusbar.go:50.19,52.3 1 4
github.com/hazeledmands/prwatch/internal/ui/statusbar.go:52.8,54.3 1 20
github.com/hazeledmands/prwatch/internal/ui/statusbar.go:57.2,59.17 3 24
github.com/hazeledmands/prwatch/internal/ui/statusbar.go:59.17,61.3 1 2
github.com/hazeledmands/prwatch/internal/ui/statusbar.go:62.2,66.31 4 24
github.com/hazeledmands/prwatch/internal/ui/statusbar.go:66.31,68.3 1 716
github.com/hazeledmands/prwatch/internal/ui/statusbar.go:69.2,70.32 2 24
github.com/hazeledmands/prwatch/internal/ui/statusbar.go:70.32,72.3 1 732
github.com/hazeledmands/prwatch/internal/ui/statusbar.go:73.2,75.48 2 24
github.com/hazeledmands/prwatch/internal/watcher/watcher.go:17.58,19.16 2 14
github.com/hazeledmands/prwatch/internal/watcher/watcher.go:19.16,21.3 1 0
github.com/hazeledmands/prwatch/internal/watcher/watcher.go:23.2,23.37 1 14
github.com/hazeledmands/prwatch/internal/watcher/watcher.go:23.37,26.3 2 2
github.com/hazeledmands/prwatch/internal/watcher/watcher.go:28.2,34.15 3 12
github.com/hazeledmands/prwatch/internal/watcher/watcher.go:37.42,39.6 2 12
github.com/hazeledmands/prwatch/internal/watcher/watcher.go:39.6,40.10 1 34
github.com/hazeledmands/prwatch/internal/watcher/watcher.go:41.32,42.11 1 22
github.com/hazeledmands/prwatch/internal/watcher/watcher.go:42.11,44.5 1 0
github.com/hazeledmands/prwatch/internal/watcher/watcher.go:45.4,45.20 1 22
github.com/hazeledmands/prwatch/internal/watcher/watcher.go:45.20,47.5 1 12
github.com/hazeledmands/prwatch/internal/watcher/watcher.go:48.4,48.55 1 22
github.com/hazeledmands/prwatch/internal/watcher/watcher.go:49.32,50.11 1 1
github.com/hazeledmands/prwatch/internal/watcher/watcher.go:50.11,52.5 1 1
github.com/hazeledmands/prwatch/internal/watcher/watcher.go:53.17,54.10 1 11
github.com/hazeledmands/prwatch/internal/watcher/watcher.go:59.33,62.2 2 12
github.com/hazeledmands/prwatch/internal/git/git.go:24.27,26.2 1 64
github.com/hazeledmands/prwatch/internal/git/git.go:29.55,31.2 1 14
github.com/hazeledmands/prwatch/internal/git/git.go:33.80,38.34 5 36
github.com/hazeledmands/prwatch/internal/git/git.go:38.34,40.3 1 36
github.com/hazeledmands/prwatch/internal/git/git.go:41.2,41.48 1 0
github.com/hazeledmands/prwatch/internal/git/git.go:65.51,71.34 6 198
github.com/hazeledmands/prwatch/internal/git/git.go:71.34,73.3 1 84
github.com/hazeledmands/prwatch/internal/git/git.go:74.2,74.48 1 114
github.com/hazeledmands/prwatch/internal/git/git.go:78.29,81.2 2 4
github.com/hazeledmands/prwatch/internal/git/git.go:83.50,85.16 2 8
github.com/hazeledmands/prwatch/internal/git/git.go:85.16,87.3 1 2
github.com/hazeledmands/prwatch/internal/git/git.go:89.2,90.16 2 6
github.com/hazeledmands/prwatch/internal/git/git.go:90.16,92.3 1 0
github.com/hazeledmands/prwatch/internal/git/git.go:93.2,98.57 4 6
github.com/hazeledmands/prwatch/internal/git/git.go:98.57,100.3 1 2
github.com/hazeledmands/prwatch/internal/git/git.go:102.2,110.8 2 6
github.com/hazeledmands/prwatch/internal/git/git.go:116.44,118.57 1 40
github.com/hazeledmands/prwatch/internal/git/git.go:118.57,119.74 1 6
github.com/hazeledmands/prwatch/internal/git/git.go:119.74,121.4 1 2
github.com/hazeledmands/prwatch/internal/git/git.go:123.3,123.64 1 4
github.com/hazeledmands/prwatch/internal/git/git.go:123.64,125.4 1 2
github.com/hazeledmands/prwatch/internal/git/git.go:129.2,129.72 1 36
github.com/hazeledmands/prwatch/internal/git/git.go:129.72,131.3 1 2
github.com/hazeledmands/prwatch/internal/git/git.go:134.2,134.74 1 34
github.com/hazeledmands/prwatch/internal/git/git.go:134.74,136.3 1 2
github.com/hazeledmands/prwatch/internal/git/git.go:139.2,139.65 1 32
github.com/hazeledmands/prwatch/internal/git/git.go:139.65,141.3 1 28
github.com/hazeledmands/prwatch/internal/git/git.go:142.2,142.67 1 4
github.com/hazeledmands/prwatch/internal/git/git.go:142.67,144.3 1 2
github.com/hazeledmands/prwatch/internal/git/git.go:147.2,148.16 2 2
github.com/hazeledmands/prwatch/internal/git/git.go:148.16,150.3 1 0
github.com/hazeledmands/prwatch/internal/git/git.go:151.2,151.17 1 2
github.com/hazeledmands/prwatch/internal/git/git.go:154.42,156.2 1 40
github.com/hazeledmands/prwatch/internal/git/git.go:166.69,169.16 2 8
github.com/hazeledmands/prwatch/internal/git/git.go:169.16,171.3 1 0
github.com/hazeledmands/prwatch/internal/git/git.go:173.2,174.45 2 8
github.com/hazeledmands/prwatch/internal/git/git.go:174.45,176.14 2 8
github.com/hazeledmands/prwatch/internal/git/git.go:176.14,178.4 1 8
github.com/hazeledmands/prwatch/internal/git/git.go:182.2,184.16 3 8
github.com/hazeledmands/prwatch/internal/git/git.go:184.16,185.46 1 8
github.com/hazeledmands/prwatch/internal/git/git.go:185.46,187.15 2 8
github.com/hazeledmands/prwatch/internal/git/git.go:187.15,189.5 1 2
github.com/hazeledmands/prwatch/internal/git/git.go:193.2,194.16 2 8
github.com/hazeledmands/prwatch/internal/git/git.go:194.16,195.46 1 8
github.com/hazeledmands/prwatch/internal/git/git.go:195.46,197.15 2 12
github.com/hazeledmands/prwatch/internal/git/git.go:197.15,199.5 1 8
github.com/hazeledmands/prwatch/internal/git/git.go:204.2,205.30 2 8
github.com/hazeledmands/prwatch/internal/git/git.go:205.30,206.24 1 8
github.com/hazeledmands/prwatch/internal/git/git.go:206.24,207.12 1 2
github.com/hazeledmands/prwatch/internal/git/git.go:209.3,209.35 1 6
github.com/hazeledmands/prwatch/internal/git/git.go:211.2,211.32 1 8
github.com/hazeledmands/prwatch/internal/git/git.go:211.32,213.3 1 10
github.com/hazeledmands/prwatch/internal/git/git.go:215.2,221.8 3 8
github.com/hazeledmands/prwatch/internal/git/git.go:225.68,227.2 1 2
github.com/hazeledmands/prwatch/internal/git/git.go:230.64,233.30 2 6
github.com/hazeledmands/prwatch/internal/git/git.go:233.30,235.3 1 2
github.com/hazeledmands/prwatch/internal/git/git.go:238.2,244.15 7 4
github.com/hazeledmands/prwatch/internal/git/git.go:244.15,246.3 1 2
github.com/hazeledmands/prwatch/internal/git/git.go:247.2,247.57 1 2
github.com/hazeledmands/prwatch/internal/git/git.go:252.54,254.16 2 10
github.com/hazeledmands/prwatch/internal/git/git.go:254.16,256.3 1 2
github.com/hazeledmands/prwatch/internal/git/git.go:257.2,258.23 2 8
github.com/hazeledmands/prwatch/internal/git/git.go:258.23,261.17 2 4
github.com/hazeledmands/prwatch/internal/git/git.go:261.17,263.4 1 0
github.com/hazeledmands/prwatch/internal/git/git.go:264.3,264.32 1 4
github.com/hazeledmands/prwatch/internal/git/git.go:266.2,266.21 1 8
github.com/hazeledmands/prwatch/internal/git/git.go:269.42,271.48 2 12
github.com/hazeledmands/prwatch/internal/git/git.go:271.48,273.17 2 12
github.com/hazeledmands/prwatch/internal/git/git.go:273.17,274.12 1 4
github.com/hazeledmands/prwatch/internal/git/git.go:276.3,278.21 3 8
github.com/hazeledmands/prwatch/internal/git/git.go:278.21,280.4 1 8
github.com/hazeledmands/prwatch/internal/git/git.go:281.3,281.69 1 8
github.com/hazeledmands/prwatch/internal/git/git.go:283.2,283.16 1 12
github.com/hazeledmands/prwatch/internal/git/git.go:287.55,289.2 1 2
github.com/hazeledmands/prwatch/internal/git/git.go:293.56,296.16 2 8
github.com/hazeledmands/prwatch/internal/git/git.go:296.16,299.3 1 2
github.com/hazeledmands/prwatch/internal/git/git.go:300.2,300.29 1 6
github.com/hazeledmands/prwatch/internal/git/git.go:304.46,306.16 2 10
github.com/hazeledmands/prwatch/internal/git/git.go:306.16,309.3 1 6
github.com/hazeledmands/prwatch/internal/git/git.go:310.2,311.61 2 4
github.com/hazeledmands/prwatch/internal/git/git.go:311.61,313.3 1 2
github.com/hazeledmands/prwatch/internal/git/git.go:314.2,314.20 1 2
